GROUP,PACKAGE,CLASS,INSTRUCTION_MISSED,INSTRUCTION_COVERED,BRANCH_MISSED,BRANCH_COVERED,LINE_MISSED,LINE_COVERED,COMPLEXITY_MISSED,COMPLEXITY_COVERED,METHOD_MISSED,METHOD_COVERED
AccountSystemLogic,za.ac.nwu.ac.logic.config,LogicConfig,3,0,0,0,1,0,1,0,1,0
AccountSystemLogic,za.ac.nwu.ac.logic.flow.impl,ModifyAccountTypeFlowImpl,3,0,0,0,1,0,1,0,1,0
AccountSystemLogic,za.ac.nwu.ac.logic.flow.impl,CreateAccountTypeFlowImpl,0,32,1,1,0,10,1,3,0,3
AccountSystemLogic,za.ac.nwu.ac.logic.flow.impl,Modulo,0,15,0,2,0,4,0,3,0,2
AccountSystemLogic,za.ac.nwu.ac.logic.flow.impl,FetchAccountTypeFlowImpl,9,8,0,0,2,4,2,2,2,2
