GROUP,PACKAGE,CLASS,INSTRUCTION_MISSED,INSTRUCTION_COVERED,BRANCH_MISSED,BRANCH_COVERED,LINE_MISSED,LINE_COVERED,COMPLEXITY_MISSED,COMPLEXITY_COVERED,METHOD_MISSED,METHOD_COVERED
AccountSystemTranslator,za.ac.nwu.ac.translator.impl,BalanceTranslatorImpl,88,0,2,0,19,0,4,0,3,0
AccountSystemTranslator,za.ac.nwu.ac.translator.impl,AccountTypeTranslatorImpl,76,0,2,0,19,0,5,0,4,0
AccountSystemTranslator,za.ac.nwu.ac.translator.impl,AccountTransactionTranslatorImpl,35,0,0,0,9,0,2,0,2,0
AccountSystemTranslator,za.ac.nwu.ac.translator.config,TranslatorConfig,3,0,0,0,1,0,1,0,1,0
